1580911836285	mozrunner::runner	INFO	Running command: "C:\\Program Files\\Mozilla Firefox\\firefox.exe" "-marionette" "-foreground" "-no-remote" "-profile" "C:\\Users\\aurob\\AppData\\Local\\Temp\\rust_mozprofileCJlmdX"
1580911836792	addons.webextension.doh-rollout@mozilla.org	WARN	Loading extension 'doh-rollout@mozilla.org': Reading manifest: Invalid extension permission: networkStatus
1580911836933	addons.webextension.screenshots@mozilla.org	WARN	Loading extension 'screenshots@mozilla.org': Reading manifest: Invalid extension permission: mozillaAddons
1580911836933	addons.webextension.screenshots@mozilla.org	WARN	Loading extension 'screenshots@mozilla.org': Reading manifest: Invalid extension permission: telemetry
1580911836934	addons.webextension.screenshots@mozilla.org	WARN	Loading extension 'screenshots@mozilla.org': Reading manifest: Invalid extension permission: resource://pdf.js/
1580911836934	addons.webextension.screenshots@mozilla.org	WARN	Loading extension 'screenshots@mozilla.org': Reading manifest: Invalid extension permission: about:reader*
JavaScript error: resource://gre/modules/XULStore.jsm, line 66: Error: Can't find profile directory.
1580911839665	Marionette	INFO	Listening on port 49376
1580911839921	Marionette	WARN	TLS certificate errors will be ignored for this session
JavaScript error: resource://gre/actors/PictureInPictureChild.jsm, line 733: TypeError: state.hideToggleDeferredTask is null
JavaScript error: https://eus.rubiconproject.com/usync.html, line 12: SecurityError: The operation is insecure.
1580912594333	Marionette	INFO	Stopped listening on port 49376

###!!! [Child][RunMessage] Error: Channel closing: too late to send/recv, messages will be lost

r returned false (indicating failure)

IPDL protocol error: Handler returned error code!

###!!! [Parent][DispatchAsyncMessage] Error: PImageBridge::Msg_Update Processing error: message was deserialized, but the handler returned false (indicating failure)

JavaScript error: https://eus.rubiconproject.com/usync.html, line 12: SecurityError: The operation is insecure.
IPDL protocol error: Handler returned error code!

###!!! [Parent][DispatchAsyncMessage] Error: PImageBridge::Msg_Update Processing error: message was deserialized, but the handler returned false (indicating failure)


###!!! [Child][MessageChannel] Error: (msgtype=0x370114,name=PContent::Msg_RecordDiscardedData) Channel closing: too late to send/recv, messages will be lost

1580910827386	Marionette	INFO	Stopped listening on port 65036

###!!! [Child][RunMessage] Error: Channel closing: too late to send/recv, messages will be lost

hild][MessageChannel::SendAndWait] Error: Channel error: cannot send/recv

unMessage] Error: Channel closing: too late to send/recv, messages will be lost

1580909773424	Marionette	INFO	Stopped listening on port 63969

###!!! [Child][RunMessage] Error: Channel closing: too late to send/recv, messages will be lost

